[0m[[0mdebug[0m] [0mRunning TaskDef(IngestSpec, org.scalatest.tools.Framework$$anon$1@1df5640f, false, [SuiteSelector])[0m
[0m[[0mdebug[0m] [0mRunning TaskDef(MovieSpec, org.scalatest.tools.Framework$$anon$1@1df5640f, false, [SuiteSelector])[0m
[0m[[0minfo[0m] [0m[36mRun completed in 931 milliseconds.[0m[0m
[0m[[0minfo[0m] [0m[36mTotal number of tests run: 16[0m[0m
[0m[[0minfo[0m] [0m[36mSuites: completed 2, aborted 0[0m[0m
[0m[[0minfo[0m] [0m[36mTests: succeeded 15, failed 1, canceled 0, ignored 0, pending 0[0m[0m
[0m[[0minfo[0m] [0m[31m*** 1 TEST FAILED ***[0m[0m
[0m[[0mdebug[0m] [0mPassed tests:[0m
[0m[[0mdebug[0m] [0m	MovieSpec[0m
[0m[[31merror[0m] [0mFailed tests:[0m
[0m[[31merror[0m] [0m	IngestSpec[0m
[0m[[31merror[0m] [0m(test:[31mtest[0m) sbt.TestsFailedException: Tests unsuccessful[0m
