[0m[[0mdebug[0m] [0mRunning TaskDef(edu.neu.coe.scala.ingest2.FunctionSpec, org.scalatest.tools.Framework$$anon$1@3457060c, false, [SuiteSelector])[0m
[0m[[0mdebug[0m] [0mRunning TaskDef(edu.neu.coe.scala.ingest2.MovieSpec, org.scalatest.tools.Framework$$anon$1@3457060c, false, [SuiteSelector])[0m
[0m[[0minfo[0m] [0m[36mRun completed in 1 second, 726 milliseconds.[0m[0m
[0m[[0minfo[0m] [0m[36mTotal number of tests run: 24[0m[0m
[0m[[0minfo[0m] [0m[36mSuites: completed 2, aborted 0[0m[0m
[0m[[0minfo[0m] [0m[36mTests: succeeded 23, failed 1, canceled 0, ignored 0, pending 0[0m[0m
[0m[[0minfo[0m] [0m[31m*** 1 TEST FAILED ***[0m[0m
[0m[[0mdebug[0m] [0mPassed tests:[0m
[0m[[0mdebug[0m] [0m	edu.neu.coe.scala.ingest2.FunctionSpec[0m
[0m[[31merror[0m] [0mFailed tests:[0m
[0m[[31merror[0m] [0m	edu.neu.coe.scala.ingest2.MovieSpec[0m
[0m[[31merror[0m] [0m(test:[31mtest[0m) sbt.TestsFailedException: Tests unsuccessful[0m
